<?xml version="1.0" encoding="UTF-8"?>
<testsuite xmlns:xsi="http://www.w3.org/2001/XMLSchema-instance" xsi:noNamespaceSchemaLocation="https://maven.apache.org/surefire/maven-surefire-plugin/xsd/surefire-test-report.xsd" version="3.0.2" name="com.abha.mutualfollowers.MutualFollowers.MutualFollowersApplicationTests" time="2.427" tests="1" errors="0" skipped="0" failures="0">
  <properties>
    <property name="java.specification.version" value="17"/>
    <property name="sun.jnu.encoding" value="UTF-8"/>
    <property name="java.class.path" value="/Users/abhashukla28/Downloads/MutualFollowers/target/test-classes:/Users/abhashukla28/Downloads/MutualFollowers/target/classes:/Users/abhashukla28/.m2/repository/org/springframework/boot/spring-boot-starter/3.5.0-RC1/spring-boot-starter-3.5.0-RC1.jar:/Users/abhashukla28/.m2/repository/org/springframework/boot/spring-boot/3.5.0-RC1/spring-boot-3.5.0-RC1.jar:/Users/abhashukla28/.m2/repository/org/springframework/spring-context/6.2.6/spring-context-6.2.6.jar:/Users/abhashukla28/.m2/repository/org/springframework/boot/spring-boot-autoconfigure/3.5.0-RC1/spring-boot-autoconfigure-3.5.0-RC1.jar:/Users/abhashukla28/.m2/repository/org/springframework/boot/spring-boot-starter-logging/3.5.0-RC1/spring-boot-starter-logging-3.5.0-RC1.jar:/Users/abhashukla28/.m2/repository/ch/qos/logback/logback-classic/1.5.18/logback-classic-1.5.18.jar:/Users/abhashukla28/.m2/repository/ch/qos/logback/logback-core/1.5.18/logback-core-1.5.18.jar:/Users/abhashukla28/.m2/repository/org/apache/logging/log4j/log4j-to-slf4j/2.24.3/log4j-to-slf4j-2.24.3.jar:/Users/abhashukla28/.m2/repository/org/apache/logging/log4j/log4j-api/2.24.3/log4j-api-2.24.3.jar:/Users/abhashukla28/.m2/repository/org/slf4j/jul-to-slf4j/2.0.17/jul-to-slf4j-2.0.17.jar:/Users/abhashukla28/.m2/repository/jakarta/annotation/jakarta.annotation-api/2.1.1/jakarta.annotation-api-2.1.1.jar:/Users/abhashukla28/.m2/repository/org/springframework/spring-core/6.2.6/spring-core-6.2.6.jar:/Users/abhashukla28/.m2/repository/org/springframework/spring-jcl/6.2.6/spring-jcl-6.2.6.jar:/Users/abhashukla28/.m2/repository/org/yaml/snakeyaml/2.4/snakeyaml-2.4.jar:/Users/abhashukla28/.m2/repository/org/springframework/boot/spring-boot-starter-web/3.5.0-RC1/spring-boot-starter-web-3.5.0-RC1.jar:/Users/abhashukla28/.m2/repository/org/springframework/boot/spring-boot-starter-json/3.5.0-RC1/spring-boot-starter-json-3.5.0-RC1.jar:/Users/abhashukla28/.m2/repository/com/fasterxml/jackson/datatype/jackson-datatype-jdk8/2.18.3/jackson-datatype-jdk8-2.18.3.jar:/Users/abhashukla28/.m2/repository/com/fasterxml/jackson/datatype/jackson-datatype-jsr310/2.18.3/jackson-datatype-jsr310-2.18.3.jar:/Users/abhashukla28/.m2/repository/com/fasterxml/jackson/module/jackson-module-parameter-names/2.18.3/jackson-module-parameter-names-2.18.3.jar:/Users/abhashukla28/.m2/repository/org/springframework/boot/spring-boot-starter-tomcat/3.5.0-RC1/spring-boot-starter-tomcat-3.5.0-RC1.jar:/Users/abhashukla28/.m2/repository/org/apache/tomcat/embed/tomcat-embed-core/10.1.40/tomcat-embed-core-10.1.40.jar:/Users/abhashukla28/.m2/repository/org/apache/tomcat/embed/tomcat-embed-el/10.1.40/tomcat-embed-el-10.1.40.jar:/Users/abhashukla28/.m2/repository/org/apache/tomcat/embed/tomcat-embed-websocket/10.1.40/tomcat-embed-websocket-10.1.40.jar:/Users/abhashukla28/.m2/repository/org/springframework/spring-web/6.2.6/spring-web-6.2.6.jar:/Users/abhashukla28/.m2/repository/org/springframework/spring-beans/6.2.6/spring-beans-6.2.6.jar:/Users/abhashukla28/.m2/repository/io/micrometer/micrometer-observation/1.15.0-RC1/micrometer-observation-1.15.0-RC1.jar:/Users/abhashukla28/.m2/repository/io/micrometer/micrometer-commons/1.15.0-RC1/micrometer-commons-1.15.0-RC1.jar:/Users/abhashukla28/.m2/repository/org/springframework/spring-webmvc/6.2.6/spring-webmvc-6.2.6.jar:/Users/abhashukla28/.m2/repository/org/springframework/spring-aop/6.2.6/spring-aop-6.2.6.jar:/Users/abhashukla28/.m2/repository/org/springframework/spring-expression/6.2.6/spring-expression-6.2.6.jar:/Users/abhashukla28/.m2/repository/com/fasterxml/jackson/core/jackson-databind/2.18.3/jackson-databind-2.18.3.jar:/Users/abhashukla28/.m2/repository/com/fasterxml/jackson/core/jackson-annotations/2.18.3/jackson-annotations-2.18.3.jar:/Users/abhashukla28/.m2/repository/com/fasterxml/jackson/core/jackson-core/2.18.3/jackson-core-2.18.3.jar:/Users/abhashukla28/.m2/repository/org/springframework/boot/spring-boot-starter-test/3.5.0-RC1/spring-boot-starter-test-3.5.0-RC1.jar:/Users/abhashukla28/.m2/repository/org/springframework/boot/spring-boot-test/3.5.0-RC1/spring-boot-test-3.5.0-RC1.jar:/Users/abhashukla28/.m2/repository/org/springframework/boot/spring-boot-test-autoconfigure/3.5.0-RC1/spring-boot-test-autoconfigure-3.5.0-RC1.jar:/Users/abhashukla28/.m2/repository/com/jayway/jsonpath/json-path/2.9.0/json-path-2.9.0.jar:/Users/abhashukla28/.m2/repository/org/slf4j/slf4j-api/2.0.17/slf4j-api-2.0.17.jar:/Users/abhashukla28/.m2/repository/jakarta/xml/bind/jakarta.xml.bind-api/4.0.2/jakarta.xml.bind-api-4.0.2.jar:/Users/abhashukla28/.m2/repository/jakarta/activation/jakarta.activation-api/2.1.3/jakarta.activation-api-2.1.3.jar:/Users/abhashukla28/.m2/repository/net/minidev/json-smart/2.5.2/json-smart-2.5.2.jar:/Users/abhashukla28/.m2/repository/net/minidev/accessors-smart/2.5.2/accessors-smart-2.5.2.jar:/Users/abhashukla28/.m2/repository/org/ow2/asm/asm/9.7.1/asm-9.7.1.jar:/Users/abhashukla28/.m2/repository/org/assertj/assertj-core/3.27.3/assertj-core-3.27.3.jar:/Users/abhashukla28/.m2/repository/net/bytebuddy/byte-buddy/1.17.5/byte-buddy-1.17.5.jar:/Users/abhashukla28/.m2/repository/org/awaitility/awaitility/4.3.0/awaitility-4.3.0.jar:/Users/abhashukla28/.m2/repository/org/hamcrest/hamcrest/3.0/hamcrest-3.0.jar:/Users/abhashukla28/.m2/repository/org/junit/jupiter/junit-jupiter/5.12.2/junit-jupiter-5.12.2.jar:/Users/abhashukla28/.m2/repository/org/junit/jupiter/junit-jupiter-api/5.12.2/junit-jupiter-api-5.12.2.jar:/Users/abhashukla28/.m2/repository/org/opentest4j/opentest4j/1.3.0/opentest4j-1.3.0.jar:/Users/abhashukla28/.m2/repository/org/junit/platform/junit-platform-commons/1.12.2/junit-platform-commons-1.12.2.jar:/Users/abhashukla28/.m2/repository/org/apiguardian/apiguardian-api/1.1.2/apiguardian-api-1.1.2.jar:/Users/abhashukla28/.m2/repository/org/junit/jupiter/junit-jupiter-params/5.12.2/junit-jupiter-params-5.12.2.jar:/Users/abhashukla28/.m2/repository/org/junit/jupiter/junit-jupiter-engine/5.12.2/junit-jupiter-engine-5.12.2.jar:/Users/abhashukla28/.m2/repository/org/junit/platform/junit-platform-engine/1.12.2/junit-platform-engine-1.12.2.jar:/Users/abhashukla28/.m2/repository/org/mockito/mockito-core/5.17.0/mockito-core-5.17.0.jar:/Users/abhashukla28/.m2/repository/net/bytebuddy/byte-buddy-agent/1.17.5/byte-buddy-agent-1.17.5.jar:/Users/abhashukla28/.m2/repository/org/objenesis/objenesis/3.3/objenesis-3.3.jar:/Users/abhashukla28/.m2/repository/org/mockito/mockito-junit-jupiter/5.17.0/mockito-junit-jupiter-5.17.0.jar:/Users/abhashukla28/.m2/repository/org/skyscreamer/jsonassert/1.5.3/jsonassert-1.5.3.jar:/Users/abhashukla28/.m2/repository/com/vaadin/external/google/android-json/0.0.20131108.vaadin1/android-json-0.0.20131108.vaadin1.jar:/Users/abhashukla28/.m2/repository/org/springframework/spring-test/6.2.6/spring-test-6.2.6.jar:/Users/abhashukla28/.m2/repository/org/xmlunit/xmlunit-core/2.10.0/xmlunit-core-2.10.0.jar:"/>
    <property name="java.vm.vendor" value="Azul Systems, Inc."/>
    <property name="sun.arch.data.model" value="64"/>
    <property name="java.vendor.url" value="http://www.azul.com/"/>
    <property name="user.timezone" value="Asia/Kolkata"/>
    <property name="os.name" value="Mac OS X"/>
    <property name="java.vm.specification.version" value="17"/>
    <property name="APPLICATION_NAME" value="MutualFollowers"/>
    <property name="sun.java.launcher" value="SUN_STANDARD"/>
    <property name="user.country" value="IN"/>
    <property name="sun.boot.library.path" value="/Library/Java/JavaVirtualMachines/zulu-17.jdk/Contents/Home/lib"/>
    <property name="sun.java.command" value="/Users/abhashukla28/Downloads/MutualFollowers/target/surefire/surefirebooter-20250425201811666_3.jar /Users/abhashukla28/Downloads/MutualFollowers/target/surefire 2025-04-25T20-18-11_596-jvmRun1 surefire-20250425201811666_1tmp surefire_0-20250425201811666_2tmp"/>
    <property name="http.nonProxyHosts" value="local|*.local|169.254/16|*.169.254/16"/>
    <property name="jdk.debug" value="release"/>
    <property name="surefire.test.class.path" value="/Users/abhashukla28/Downloads/MutualFollowers/target/test-classes:/Users/abhashukla28/Downloads/MutualFollowers/target/classes:/Users/abhashukla28/.m2/repository/org/springframework/boot/spring-boot-starter/3.5.0-RC1/spring-boot-starter-3.5.0-RC1.jar:/Users/abhashukla28/.m2/repository/org/springframework/boot/spring-boot/3.5.0-RC1/spring-boot-3.5.0-RC1.jar:/Users/abhashukla28/.m2/repository/org/springframework/spring-context/6.2.6/spring-context-6.2.6.jar:/Users/abhashukla28/.m2/repository/org/springframework/boot/spring-boot-autoconfigure/3.5.0-RC1/spring-boot-autoconfigure-3.5.0-RC1.jar:/Users/abhashukla28/.m2/repository/org/springframework/boot/spring-boot-starter-logging/3.5.0-RC1/spring-boot-starter-logging-3.5.0-RC1.jar:/Users/abhashukla28/.m2/repository/ch/qos/logback/logback-classic/1.5.18/logback-classic-1.5.18.jar:/Users/abhashukla28/.m2/repository/ch/qos/logback/logback-core/1.5.18/logback-core-1.5.18.jar:/Users/abhashukla28/.m2/repository/org/apache/logging/log4j/log4j-to-slf4j/2.24.3/log4j-to-slf4j-2.24.3.jar:/Users/abhashukla28/.m2/repository/org/apache/logging/log4j/log4j-api/2.24.3/log4j-api-2.24.3.jar:/Users/abhashukla28/.m2/repository/org/slf4j/jul-to-slf4j/2.0.17/jul-to-slf4j-2.0.17.jar:/Users/abhashukla28/.m2/repository/jakarta/annotation/jakarta.annotation-api/2.1.1/jakarta.annotation-api-2.1.1.jar:/Users/abhashukla28/.m2/repository/org/springframework/spring-core/6.2.6/spring-core-6.2.6.jar:/Users/abhashukla28/.m2/repository/org/springframework/spring-jcl/6.2.6/spring-jcl-6.2.6.jar:/Users/abhashukla28/.m2/repository/org/yaml/snakeyaml/2.4/snakeyaml-2.4.jar:/Users/abhashukla28/.m2/repository/org/springframework/boot/spring-boot-starter-web/3.5.0-RC1/spring-boot-starter-web-3.5.0-RC1.jar:/Users/abhashukla28/.m2/repository/org/springframework/boot/spring-boot-starter-json/3.5.0-RC1/spring-boot-starter-json-3.5.0-RC1.jar:/Users/abhashukla28/.m2/repository/com/fasterxml/jackson/datatype/jackson-datatype-jdk8/2.18.3/jackson-datatype-jdk8-2.18.3.jar:/Users/abhashukla28/.m2/repository/com/fasterxml/jackson/datatype/jackson-datatype-jsr310/2.18.3/jackson-datatype-jsr310-2.18.3.jar:/Users/abhashukla28/.m2/repository/com/fasterxml/jackson/module/jackson-module-parameter-names/2.18.3/jackson-module-parameter-names-2.18.3.jar:/Users/abhashukla28/.m2/repository/org/springframework/boot/spring-boot-starter-tomcat/3.5.0-RC1/spring-boot-starter-tomcat-3.5.0-RC1.jar:/Users/abhashukla28/.m2/repository/org/apache/tomcat/embed/tomcat-embed-core/10.1.40/tomcat-embed-core-10.1.40.jar:/Users/abhashukla28/.m2/repository/org/apache/tomcat/embed/tomcat-embed-el/10.1.40/tomcat-embed-el-10.1.40.jar:/Users/abhashukla28/.m2/repository/org/apache/tomcat/embed/tomcat-embed-websocket/10.1.40/tomcat-embed-websocket-10.1.40.jar:/Users/abhashukla28/.m2/repository/org/springframework/spring-web/6.2.6/spring-web-6.2.6.jar:/Users/abhashukla28/.m2/repository/org/springframework/spring-beans/6.2.6/spring-beans-6.2.6.jar:/Users/abhashukla28/.m2/repository/io/micrometer/micrometer-observation/1.15.0-RC1/micrometer-observation-1.15.0-RC1.jar:/Users/abhashukla28/.m2/repository/io/micrometer/micrometer-commons/1.15.0-RC1/micrometer-commons-1.15.0-RC1.jar:/Users/abhashukla28/.m2/repository/org/springframework/spring-webmvc/6.2.6/spring-webmvc-6.2.6.jar:/Users/abhashukla28/.m2/repository/org/springframework/spring-aop/6.2.6/spring-aop-6.2.6.jar:/Users/abhashukla28/.m2/repository/org/springframework/spring-expression/6.2.6/spring-expression-6.2.6.jar:/Users/abhashukla28/.m2/repository/com/fasterxml/jackson/core/jackson-databind/2.18.3/jackson-databind-2.18.3.jar:/Users/abhashukla28/.m2/repository/com/fasterxml/jackson/core/jackson-annotations/2.18.3/jackson-annotations-2.18.3.jar:/Users/abhashukla28/.m2/repository/com/fasterxml/jackson/core/jackson-core/2.18.3/jackson-core-2.18.3.jar:/Users/abhashukla28/.m2/repository/org/springframework/boot/spring-boot-starter-test/3.5.0-RC1/spring-boot-starter-test-3.5.0-RC1.jar:/Users/abhashukla28/.m2/repository/org/springframework/boot/spring-boot-test/3.5.0-RC1/spring-boot-test-3.5.0-RC1.jar:/Users/abhashukla28/.m2/repository/org/springframework/boot/spring-boot-test-autoconfigure/3.5.0-RC1/spring-boot-test-autoconfigure-3.5.0-RC1.jar:/Users/abhashukla28/.m2/repository/com/jayway/jsonpath/json-path/2.9.0/json-path-2.9.0.jar:/Users/abhashukla28/.m2/repository/org/slf4j/slf4j-api/2.0.17/slf4j-api-2.0.17.jar:/Users/abhashukla28/.m2/repository/jakarta/xml/bind/jakarta.xml.bind-api/4.0.2/jakarta.xml.bind-api-4.0.2.jar:/Users/abhashukla28/.m2/repository/jakarta/activation/jakarta.activation-api/2.1.3/jakarta.activation-api-2.1.3.jar:/Users/abhashukla28/.m2/repository/net/minidev/json-smart/2.5.2/json-smart-2.5.2.jar:/Users/abhashukla28/.m2/repository/net/minidev/accessors-smart/2.5.2/accessors-smart-2.5.2.jar:/Users/abhashukla28/.m2/repository/org/ow2/asm/asm/9.7.1/asm-9.7.1.jar:/Users/abhashukla28/.m2/repository/org/assertj/assertj-core/3.27.3/assertj-core-3.27.3.jar:/Users/abhashukla28/.m2/repository/net/bytebuddy/byte-buddy/1.17.5/byte-buddy-1.17.5.jar:/Users/abhashukla28/.m2/repository/org/awaitility/awaitility/4.3.0/awaitility-4.3.0.jar:/Users/abhashukla28/.m2/repository/org/hamcrest/hamcrest/3.0/hamcrest-3.0.jar:/Users/abhashukla28/.m2/repository/org/junit/jupiter/junit-jupiter/5.12.2/junit-jupiter-5.12.2.jar:/Users/abhashukla28/.m2/repository/org/junit/jupiter/junit-jupiter-api/5.12.2/junit-jupiter-api-5.12.2.jar:/Users/abhashukla28/.m2/repository/org/opentest4j/opentest4j/1.3.0/opentest4j-1.3.0.jar:/Users/abhashukla28/.m2/repository/org/junit/platform/junit-platform-commons/1.12.2/junit-platform-commons-1.12.2.jar:/Users/abhashukla28/.m2/repository/org/apiguardian/apiguardian-api/1.1.2/apiguardian-api-1.1.2.jar:/Users/abhashukla28/.m2/repository/org/junit/jupiter/junit-jupiter-params/5.12.2/junit-jupiter-params-5.12.2.jar:/Users/abhashukla28/.m2/repository/org/junit/jupiter/junit-jupiter-engine/5.12.2/junit-jupiter-engine-5.12.2.jar:/Users/abhashukla28/.m2/repository/org/junit/platform/junit-platform-engine/1.12.2/junit-platform-engine-1.12.2.jar:/Users/abhashukla28/.m2/repository/org/mockito/mockito-core/5.17.0/mockito-core-5.17.0.jar:/Users/abhashukla28/.m2/repository/net/bytebuddy/byte-buddy-agent/1.17.5/byte-buddy-agent-1.17.5.jar:/Users/abhashukla28/.m2/repository/org/objenesis/objenesis/3.3/objenesis-3.3.jar:/Users/abhashukla28/.m2/repository/org/mockito/mockito-junit-jupiter/5.17.0/mockito-junit-jupiter-5.17.0.jar:/Users/abhashukla28/.m2/repository/org/skyscreamer/jsonassert/1.5.3/jsonassert-1.5.3.jar:/Users/abhashukla28/.m2/repository/com/vaadin/external/google/android-json/0.0.20131108.vaadin1/android-json-0.0.20131108.vaadin1.jar:/Users/abhashukla28/.m2/repository/org/springframework/spring-test/6.2.6/spring-test-6.2.6.jar:/Users/abhashukla28/.m2/repository/org/xmlunit/xmlunit-core/2.10.0/xmlunit-core-2.10.0.jar:"/>
    <property name="sun.cpu.endian" value="little"/>
    <property name="user.home" value="/Users/abhashukla28"/>
    <property name="user.language" value="en"/>
    <property name="java.specification.vendor" value="Oracle Corporation"/>
    <property name="java.version.date" value="2024-10-15"/>
    <property name="java.home" value="/Library/Java/JavaVirtualMachines/zulu-17.jdk/Contents/Home"/>
    <property name="file.separator" value="/"/>
    <property name="basedir" value="/Users/abhashukla28/Downloads/MutualFollowers"/>
    <property name="java.vm.compressedOopsMode" value="Zero based"/>
    <property name="line.separator" value="&#10;"/>
    <property name="java.vm.specification.vendor" value="Oracle Corporation"/>
    <property name="java.specification.name" value="Java Platform API Specification"/>
    <property name="FILE_LOG_CHARSET" value="UTF-8"/>
    <property name="java.awt.headless" value="true"/>
    <property name="surefire.real.class.path" value="/Users/abhashukla28/Downloads/MutualFollowers/target/surefire/surefirebooter-20250425201811666_3.jar"/>
    <property name="sun.management.compiler" value="HotSpot 64-Bit Tiered Compilers"/>
    <property name="ftp.nonProxyHosts" value="local|*.local|169.254/16|*.169.254/16"/>
    <property name="java.runtime.version" value="17.0.13+11-LTS"/>
    <property name="user.name" value="abhashukla28"/>
    <property name="path.separator" value=":"/>
    <property name="os.version" value="14.6"/>
    <property name="java.runtime.name" value="OpenJDK Runtime Environment"/>
    <property name="file.encoding" value="UTF-8"/>
    <property name="java.vm.name" value="OpenJDK 64-Bit Server VM"/>
    <property name="java.vendor.version" value="Zulu17.54+21-CA"/>
    <property name="localRepository" value="/Users/abhashukla28/.m2/repository"/>
    <property name="java.vendor.url.bug" value="http://www.azul.com/support/"/>
    <property name="java.io.tmpdir" value="/var/folders/ns/nz70yyfx7616skzyyfd2fy340000gp/T/"/>
    <property name="java.version" value="17.0.13"/>
    <property name="user.dir" value="/Users/abhashukla28/Downloads/MutualFollowers"/>
    <property name="os.arch" value="aarch64"/>
    <property name="java.vm.specification.name" value="Java Virtual Machine Specification"/>
    <property name="PID" value="14856"/>
    <property name="CONSOLE_LOG_CHARSET" value="UTF-8"/>
    <property name="native.encoding" value="UTF-8"/>
    <property name="java.library.path" value="/Users/abhashukla28/Library/Java/Extensions:/Library/Java/Extensions:/Network/Library/Java/Extensions:/System/Library/Java/Extensions:/usr/lib/java:."/>
    <property name="java.vm.info" value="mixed mode, sharing"/>
    <property name="java.vendor" value="Azul Systems, Inc."/>
    <property name="java.vm.version" value="17.0.13+11-LTS"/>
    <property name="java.specification.maintenance.version" value="1"/>
    <property name="sun.io.unicode.encoding" value="UnicodeBig"/>
    <property name="socksNonProxyHosts" value="local|*.local|169.254/16|*.169.254/16"/>
    <property name="java.class.version" value="61.0"/>
    <property name="LOGGED_APPLICATION_NAME" value="[MutualFollowers] "/>
  </properties>
  <testcase name="contextLoads" classname="com.abha.mutualfollowers.MutualFollowers.MutualFollowersApplicationTests" time="0.459">
    <system-out><![CDATA[20:18:12.229 [main] INFO org.springframework.test.context.support.AnnotationConfigContextLoaderUtils -- Could not detect default configuration classes for test class [com.abha.mutualfollowers.MutualFollowers.MutualFollowersApplicationTests]: MutualFollowersApplicationTests does not declare any static, non-private, non-final, nested classes annotated with @Configuration.
20:18:12.317 [main] INFO org.springframework.boot.test.context.SpringBootTestContextBootstrapper -- Found @SpringBootConfiguration com.abha.mutualfollowers.MutualFollowers.MutualFollowersApplication for test class com.abha.mutualfollowers.MutualFollowers.MutualFollowersApplicationTests

  .   ____          _            __ _ _
 /\\ / ___'_ __ _ _(_)_ __  __ _ \ \ \ \
( ( )\___ | '_ | '_| | '_ \/ _` | \ \ \ \
 \\/  ___)| |_)| | | | | || (_| |  ) ) ) )
  '  |____| .__|_| |_|_| |_\__, | / / / /
 =========|_|==============|___/=/_/_/_/

 :: Spring Boot ::            (v3.5.0-RC1)

2025-04-25T20:18:12.625+05:30  INFO 14856 --- [MutualFollowers] [           main] c.a.m.M.MutualFollowersApplicationTests  : Starting MutualFollowersApplicationTests using Java 17.0.13 with PID 14856 (started by abhashukla28 in /Users/abhashukla28/Downloads/MutualFollowers)
2025-04-25T20:18:12.626+05:30  INFO 14856 --- [MutualFollowers] [           main] c.a.m.M.MutualFollowersApplicationTests  : No active profile set, falling back to 1 default profile: "default"
2025-04-25T20:18:13.507+05:30  INFO 14856 --- [MutualFollowers] [           main] c.a.m.M.MutualFollowersApplicationTests  : Started MutualFollowersApplicationTests in 1.086 seconds (process running for 1.792)
Webhook sent successfully!
]]></system-out>
  </testcase>
</testsuite>